2025-06-15 19:22:58,811 INFO [models:46] Модели БД успешно определены и готовы к использованию.
2025-06-15 20:34:31,886 INFO [models:46] Модели БД успешно определены и готовы к использованию.
2025-06-15 20:34:49,924 INFO [models:46] Модели БД успешно определены и готовы к использованию.
2025-06-15 21:21:10,885 INFO [models:46] Модели БД успешно определены и готовы к использованию.
2025-06-15 21:28:40,963 INFO [models:46] Модели БД успешно определены и готовы к использованию.
2025-06-15 21:38:33,495 INFO [models:46] Модели БД успешно определены и готовы к использованию.
2025-06-15 21:38:47,584 INFO [models:46] Модели БД успешно определены и готовы к использованию.
2025-06-15 21:39:50,746 INFO [models:46] Модели БД успешно определены и готовы к использованию.
2025-06-15 21:40:04,018 INFO [models:46] Модели БД успешно определены и готовы к использованию.
2025-06-15 21:43:54,037 INFO [models:46] Модели БД успешно определены и готовы к использованию.
2025-06-15 22:18:38,311 INFO [models:46] Модели БД успешно определены и готовы к использованию.
2025-06-15 22:18:50,154 INFO [models:46] Модели БД успешно определены и готовы к использованию.
2025-06-15 22:20:41,870 INFO [models:46] Модели БД успешно определены и готовы к использованию.
2025-06-15 22:40:29,743 INFO [models:46] Модели БД успешно определены и готовы к использованию.
2025-06-15 22:41:30,257 INFO [models:46] Модели БД успешно определены и готовы к использованию.
2025-06-15 23:22:45,154 INFO [models:46] Модели БД успешно определены и готовы к использованию.
2025-06-15 23:27:39,634 INFO [models:46] Модели БД успешно определены и готовы к использованию.
2025-06-15 23:52:43,945 INFO [models:46] Модели БД успешно определены и готовы к использованию.
2025-06-15 23:54:35,857 INFO [models:46] Модели БД успешно определены и готовы к использованию.
2025-06-16 00:01:58,677 INFO [models:46] Модели БД успешно определены и готовы к использованию.
2025-06-16 00:02:05,045 INFO [models:46] Модели БД успешно определены и готовы к использованию.
2025-06-16 00:06:11,574 INFO [models:46] Модели БД успешно определены и готовы к использованию.
2025-06-16 00:06:41,939 INFO [models:46] Модели БД успешно определены и готовы к использованию.
2025-06-23 04:57:30,921 INFO [models:55] Модели БД успешно определены и готовы к использованию.
2025-06-23 04:58:25,225 INFO [models:55] Модели БД успешно определены и готовы к использованию.
2025-06-23 05:00:21,356 INFO [models:55] Модели БД успешно определены и готовы к использованию.
2025-06-23 05:00:21,867 INFO [models:55] Модели БД успешно определены и готовы к использованию.
2025-06-23 05:01:41,698 INFO [models:55] Модели БД успешно определены и готовы к использованию.
2025-06-23 05:01:51,536 INFO [models:55] Модели БД успешно определены и готовы к использованию.
2025-06-23 05:03:56,887 INFO [models:55] Модели БД успешно определены и готовы к использованию.
2025-06-23 05:03:57,475 INFO [models:55] Модели БД успешно определены и готовы к использованию.
2025-06-23 05:17:37,871 INFO [models:55] Модели БД успешно определены и готовы к использованию.
2025-06-23 05:17:38,569 INFO [models:55] Модели БД успешно определены и готовы к использованию.
2025-06-23 05:21:44,719 INFO [models:55] Модели БД успешно определены и готовы к использованию.
2025-06-23 05:21:45,264 INFO [models:55] Модели БД успешно определены и готовы к использованию.
2025-06-23 05:27:57,655 INFO [models:55] Модели БД успешно определены и готовы к использованию.
2025-06-23 05:27:58,378 INFO [models:55] Модели БД успешно определены и готовы к использованию.
2025-06-23 05:32:50,895 INFO [models:55] Модели БД успешно определены и готовы к использованию.
2025-06-23 05:32:51,444 INFO [models:55] Модели БД успешно определены и готовы к использованию.
2025-06-23 05:34:14,102 INFO [models:55] Модели БД успешно определены и готовы к использованию.
2025-06-23 05:34:14,583 INFO [models:55] Модели БД успешно определены и готовы к использованию.
2025-06-23 05:48:59,888 INFO [models:55] Модели БД успешно определены и готовы к использованию.
2025-06-23 05:49:00,443 INFO [models:55] Модели БД успешно определены и готовы к использованию.
2025-06-23 05:49:19,729 INFO [models:55] Модели БД успешно определены и готовы к использованию.
2025-06-23 05:51:24,006 INFO [models:55] Модели БД успешно определены и готовы к использованию.
2025-06-23 05:51:24,513 INFO [models:55] Модели БД успешно определены и готовы к использованию.
2025-06-23 05:55:22,119 INFO [models:55] Модели БД успешно определены и готовы к использованию.
2025-06-23 05:59:56,198 INFO [models:55] Модели БД успешно определены и готовы к использованию.
2025-06-23 06:00:59,341 INFO [models:55] Модели БД успешно определены и готовы к использованию.
2025-06-23 06:01:19,550 INFO [models:55] Модели БД успешно определены и готовы к использованию.
2025-06-23 06:05:26,977 INFO [models:55] Модели БД успешно определены и готовы к использованию.
2025-06-23 06:08:49,173 INFO [models:55] Модели БД успешно определены и готовы к использованию.
2025-06-23 06:09:17,129 INFO [models:55] Модели БД успешно определены и готовы к использованию.
2025-06-23 06:10:57,418 INFO [models:55] Модели БД успешно определены и готовы к использованию.
2025-06-23 06:10:59,569 INFO [models:55] Модели БД успешно определены и готовы к использованию.
2025-06-23 06:12:40,833 INFO [models:55] Модели БД успешно определены и готовы к использованию.
2025-06-23 06:16:11,225 INFO [models:55] Модели БД успешно определены и готовы к использованию.
2025-06-23 06:31:38,835 INFO [models:55] Модели БД успешно определены и готовы к использованию.
2025-06-23 06:32:08,150 INFO [models:55] Модели БД успешно определены и готовы к использованию.
2025-10-21 11:47:04,696 INFO [osm_service:12] <<<<< ЗАГРУЖЕНА НОВАЯ ВЕРСИЯ OSM SERVICE v15.0 (финальная, исправленная) >>>>>
2025-10-21 11:51:31,221 INFO [osm_service:12] <<<<< ЗАГРУЖЕНА НОВАЯ ВЕРСИЯ OSM SERVICE v15.0 (финальная, исправленная) >>>>>
2025-10-21 11:51:36,155 INFO [osm_service:12] <<<<< ЗАГРУЖЕНА НОВАЯ ВЕРСИЯ OSM SERVICE v15.0 (финальная, исправленная) >>>>>
2025-10-21 12:20:42,014 INFO [osm_service:14] <<<<< ЗАГРУЖЕНА НОВАЯ ВЕРСИЯ OSM SERVICE v15.0 (финальная, исправленная) >>>>>
2025-10-21 12:21:55,127 INFO [osm_service:14] <<<<< ЗАГРУЖЕНА НОВАЯ ВЕРСИЯ OSM SERVICE v15.0 (финальная, исправленная) >>>>>
2025-10-21 12:22:57,916 INFO [osm_service:14] <<<<< ЗАГРУЖЕНА НОВАЯ ВЕРСИЯ OSM SERVICE v15.0 (финальная, исправленная) >>>>>
2025-10-21 12:24:47,903 INFO [osm_service:14] <<<<< ЗАГРУЖЕНА НОВАЯ ВЕРСИЯ OSM SERVICE v15.0 (финальная, исправленная) >>>>>
2025-10-21 12:24:47,905 ERROR [tariff_service:17] ❌ [Tariff] НЕ УДАЛОСЬ импортировать 'zdtarif_bot.rail_calculator': cannot import name 'DataLoader' from 'zdtarif_bot.core.data_loader' (/Users/kuzy/Documents/GitHub/telegram-bot-container-tracker/zdtarif_bot/core/data_loader.py)
2025-10-21 12:27:54,410 INFO [osm_service:14] <<<<< ЗАГРУЖЕНА НОВАЯ ВЕРСИЯ OSM SERVICE v15.0 (финальная, исправленная) >>>>>
2025-10-21 12:27:54,412 ERROR [tariff_service:17] ❌ [Tariff] НЕ УДАЛОСЬ импортировать 'zdtarif_bot.rail_calculator': No module named 'core'
2025-10-21 12:30:46,842 INFO [osm_service:14] <<<<< ЗАГРУЖЕНА НОВАЯ ВЕРСИЯ OSM SERVICE v15.0 (финальная, исправленная) >>>>>
2025-10-21 12:30:46,844 ERROR [tariff_service:17] ❌ [Tariff] НЕ УДАЛОСЬ импортировать 'zdtarif_bot.rail_calculator': No module named 'core'
2025-10-21 12:32:01,585 INFO [osm_service:14] <<<<< ЗАГРУЖЕНА НОВАЯ ВЕРСИЯ OSM SERVICE v15.0 (финальная, исправленная) >>>>>
2025-10-21 12:32:01,586 ERROR [tariff_service:17] ❌ [Tariff] НЕ УДАЛОСЬ импортировать 'zdtarif_bot.rail_calculator': No module named 'core'
2025-10-21 12:33:18,669 INFO [osm_service:14] <<<<< ЗАГРУЖЕНА НОВАЯ ВЕРСИЯ OSM SERVICE v15.0 (финальная, исправленная) >>>>>
2025-10-21 12:33:18,671 ERROR [tariff_service:17] ❌ [Tariff] НЕ УДАЛОСЬ импортировать 'zdtarif_bot.rail_calculator': No module named 'core'
2025-10-21 12:34:24,932 INFO [osm_service:14] <<<<< ЗАГРУЖЕНА НОВАЯ ВЕРСИЯ OSM SERVICE v15.0 (финальная, исправленная) >>>>>
2025-10-21 12:34:24,935 ERROR [tariff_service:17] ❌ [Tariff] НЕ УДАЛОСЬ импортировать 'zdtarif_bot.rail_calculator': cannot import name 'Calculator' from 'core.calculator' (/Users/kuzy/Documents/GitHub/telegram-bot-container-tracker/zdtarif_bot/core/calculator.py)
2025-10-21 14:01:02,835 INFO [osm_service:14] <<<<< ЗАГРУЖЕНА НОВАЯ ВЕРСИЯ OSM SERVICE v15.0 (финальная, исправленная) >>>>>
2025-10-21 14:01:02,837 ERROR [tariff_service:17] ❌ [Tariff] НЕ УДАЛОСЬ импортировать 'zdtarif_bot.rail_calculator': No module named 'core'
2025-10-21 14:06:15,622 INFO [osm_service:14] <<<<< ЗАГРУЖЕНА НОВАЯ ВЕРСИЯ OSM SERVICE v15.0 (финальная, исправленная) >>>>>
2025-10-21 14:06:15,623 ERROR [tariff_service:29] ❌ [Tariff] НЕ УДАЛОСЬ импортировать 'zdtarif_bot.rail_calculator': No module named 'core'
Traceback (most recent call last):
  File "/Users/kuzy/Documents/GitHub/telegram-bot-container-tracker/services/tariff_service.py", line 26, in <module>
    from zdtarif_bot.rail_calculator import get_distance_sync
  File "/Users/kuzy/Documents/GitHub/telegram-bot-container-tracker/zdtarif_bot/rail_calculator.py", line 20, in <module>
    from zdtarif_bot.core.calculator import Calculator
  File "/Users/kuzy/Documents/GitHub/telegram-bot-container-tracker/zdtarif_bot/core/calculator.py", line 6, in <module>
    from core.data_parser import find_station_info, normalize_station_name
ModuleNotFoundError: No module named 'core'
2025-10-21 14:09:28,134 INFO [osm_service:14] <<<<< ЗАГРУЖЕНА НОВАЯ ВЕРСИЯ OSM SERVICE v15.0 (финальная, исправленная) >>>>>
2025-10-21 14:09:28,137 ERROR [tariff_service:29] ❌ [Tariff] НЕ УДАЛОСЬ импортировать 'zdtarif_bot.rail_calculator': cannot import name 'Calculator' from 'zdtarif_bot.core.calculator' (/Users/kuzy/Documents/GitHub/telegram-bot-container-tracker/zdtarif_bot/core/calculator.py)
Traceback (most recent call last):
  File "/Users/kuzy/Documents/GitHub/telegram-bot-container-tracker/services/tariff_service.py", line 26, in <module>
    from zdtarif_bot.rail_calculator import get_distance_sync
  File "/Users/kuzy/Documents/GitHub/telegram-bot-container-tracker/zdtarif_bot/rail_calculator.py", line 20, in <module>
    from zdtarif_bot.core.calculator import Calculator
ImportError: cannot import name 'Calculator' from 'zdtarif_bot.core.calculator' (/Users/kuzy/Documents/GitHub/telegram-bot-container-tracker/zdtarif_bot/core/calculator.py)
2025-10-21 14:22:49,150 INFO [osm_service:14] <<<<< ЗАГРУЖЕНА НОВАЯ ВЕРСИЯ OSM SERVICE v15.0 (финальная, исправленная) >>>>>
2025-10-21 14:22:49,183 INFO [tariff_service:27] ✅ [Tariff] Сервис 'zdtarif_bot' (get_distance_sync) успешно импортирован.
